<?xml version="1.0" encoding="UTF-8"?>
<!-- Generated by org.testng.reporters.JUnitReportReporter -->
<testsuite hostname="AkshayD-LAP" failures="0" tests="2" name="FirstEvalution.Day3_TestNG.TestNgPart1" time="0.006" errors="0" timestamp="2023-10-11T16:22:17 IST" skipped="0">
  <testcase classname="FirstEvalution.Day3_TestNG.TestNgPart1" name="VerifyTestMethod2" time="0.005"/>
  <system-out/>
  <testcase classname="FirstEvalution.Day3_TestNG.TestNgPart1" name="VerifyTestMethod" time="0.001"/>
  <system-out/>
</testsuite> <!-- FirstEvalution.Day3_TestNG.TestNgPart1 -->
