<?xml version="1.0" encoding="UTF-8"?>
<!-- Generated by org.testng.reporters.JUnitReportReporter -->
<testsuite hostname="AkshayD-LAP" failures="0" tests="2" name="SecondEvalution.Day1.GridDemo" time="67.509" errors="0" timestamp="2023-10-11T16:22:17 IST" skipped="0">
  <testcase classname="SecondEvalution.Day1.GridDemo" name="setupChrome" time="33.654"/>
  <system-out/>
  <testcase classname="SecondEvalution.Day1.GridDemo" name="setupfirefox" time="33.855"/>
  <system-out/>
</testsuite> <!-- SecondEvalution.Day1.GridDemo -->
