<?xml version="1.0" encoding="UTF-8"?>
<!-- Generated by org.testng.reporters.JUnitReportReporter -->
<testsuite hostname="AkshayD-LAP" failures="0" tests="2" name="FirstEvalution.Day3_TestNG.DataProviders" time="0.004" errors="0" timestamp="2023-10-11T16:22:17 IST" skipped="0">
  <testcase classname="FirstEvalution.Day3_TestNG.DataProviders" name="testDataprovider" time="0.004"/>
  <system-out/>
  <testcase classname="FirstEvalution.Day3_TestNG.DataProviders" name="testDataprovider" time="0.000"/>
  <system-out/>
</testsuite> <!-- FirstEvalution.Day3_TestNG.DataProviders -->
